*** Using Compiler 'V5.06 update 5 (build 528)', folder: 'C:\Keil_v5\ARM\ARMCC\Bin'
Rebuild target 'STM32_F4DEMO'
assembling startup_stm32f407xx.s...
compiling stm32f4xx_hal_flash.c...
compiling tim.c...
compiling encoder.c...
compiling dma.c...
compiling stm32f4xx_it.c...
compiling sdio.c...
compiling spi.c...
compiling System.c...
compiling stm32f4xx_hal_rcc_ex.c...
compiling usb_otg.c...
compiling main.c...
compiling usart.c...
compiling gpio.c...
compiling stm32f4xx_hal_msp.c...
compiling stm32f4xx_hal_rcc.c...
compiling stm32f4xx_hal_flash_ramfunc.c...
compiling stm32f4xx_hal_gpio.c...
compiling stm32f4xx_hal_pwr_ex.c...
compiling stm32f4xx_hal_flash_ex.c...
compiling stm32f4xx_hal_cortex.c...
compiling stm32f4xx_hal_pwr.c...
compiling stm32f4xx_ll_sdmmc.c...
compiling stm32f4xx_hal_mmc.c...
compiling stm32f4xx_hal_exti.c...
compiling stm32f4xx_hal_dma_ex.c...
compiling stm32f4xx_hal.c...
compiling stm32f4xx_hal_spi.c...
compiling stm32f4xx_hal_sd.c...
compiling stm32f4xx_hal_dma.c...
compiling stm32f4xx_hal_tim.c...
compiling fatfs_platform.c...
compiling fatfs.c...
compiling bsp_driver_sd.c...
compiling system_stm32f4xx.c...
compiling stm32f4xx_hal_hcd.c...
compiling diskio.c...
compiling sd_diskio.c...
compiling syscall.c...
compiling ff_gen_drv.c...
compiling stm32f4xx_hal_uart.c...
compiling stm32f4xx_hal_tim_ex.c...
compiling stm32f4xx_ll_usb.c...
compiling ff.c...
linking...
Program Size: Code=18146 RO-data=478 RW-data=136 ZI-data=3288  
FromELF: creating hex file...
"STM32_F4DEMO\STM32_F4DEMO.axf" - 0 Error(s), 0 Warning(s).
Build Time Elapsed:  00:00:22
